\BOOKMARK [1][-]{section.1}{Lecture 1:From AS to APS}{}% 1
\BOOKMARK [1][-]{section.2}{Lecture 2: The b-integral and b-trace}{}% 2
\BOOKMARK [1][-]{section.3}{Lecture 3:Blow up of manifolds with corners}{}% 3
\BOOKMARK [1][-]{section.4}{Lecture 4:Geometry of manifold with corners}{}% 4
\BOOKMARK [1][-]{section.5}{Lecture 5:The b-category invented by Melrose}{}% 5
\BOOKMARK [1][-]{section.6}{Lecture 6: The b-principal symbol}{}% 6
\BOOKMARK [1][-]{section.7}{Lecture 7: Blow ups in general}{}% 7
\BOOKMARK [1][-]{section.8}{Lecture 8: New function spaces}{}% 8
\BOOKMARK [1][-]{section.9}{Lecture 9: Conormal distributions}{}% 9
\BOOKMARK [1][-]{section.10}{Lecture 10: The composition formula}{}% 10
\BOOKMARK [1][-]{section.11}{Lecture 11: Conormal distribution spaces}{}% 11
\BOOKMARK [1][-]{section.12}{Lecture 12: The normal operator}{}% 12
\BOOKMARK [1][-]{section.13}{Lecture 13: The right function space}{}% 13
\BOOKMARK [2][-]{subsection.13.1}{Exercises for Lecture 13}{section.13}% 14
\BOOKMARK [1][-]{section.14}{Lecture 14: Analytical Fredholm theory - I}{}% 15
\BOOKMARK [1][-]{section.15}{Lecture 15: Analytical Fredholm theory, Part II}{}% 16
\BOOKMARK [2][-]{subsection.15.1}{Exercise for Lecture 14}{section.15}% 17
\BOOKMARK [2][-]{subsection.15.2}{Application to the normal operator}{section.15}% 18
\BOOKMARK [1][-]{section.16}{Lecture 16: Fredholmness in the space xS0}{}% 19
\BOOKMARK [2][-]{subsection.16.1}{interlude}{section.16}% 20
\BOOKMARK [2][-]{subsection.16.2}{class discussion}{section.16}% 21
\BOOKMARK [1][-]{section.17}{Lecture 17: Revisit the b-trace}{}% 22
\BOOKMARK [2][-]{subsection.17.1}{Adjoints}{section.17}% 23
\BOOKMARK [2][-]{subsection.17.2}{b-integral and b trace}{section.17}% 24
\BOOKMARK [1][-]{section.18}{Lecture 18: Revisit the Dirac operator}{}% 25
\BOOKMARK [2][-]{subsection.18.1}{Finishing last theorem}{section.18}% 26
\BOOKMARK [2][-]{subsection.18.2}{Product structures}{section.18}% 27
\BOOKMARK [2][-]{subsection.18.3}{Clifford Action}{section.18}% 28
\BOOKMARK [2][-]{subsection.18.4}{Dirac operator}{section.18}% 29
\BOOKMARK [2][-]{subsection.18.5}{The b-category case}{section.18}% 30
\BOOKMARK [1][-]{section.19}{Lecture 19: Revisit the heat kernel for manifold with boundary}{}% 31
\BOOKMARK [2][-]{subsection.19.1}{The gluing construction}{section.19}% 32
\BOOKMARK [2][-]{subsection.19.2}{The patched up heat kernel}{section.19}% 33
\BOOKMARK [2][-]{subsection.19.3}{Step 1}{section.19}% 34
\BOOKMARK [2][-]{subsection.19.4}{Step 2}{section.19}% 35
\BOOKMARK [2][-]{subsection.19.5}{Return to the Dirac case}{section.19}% 36
\BOOKMARK [2][-]{subsection.19.6}{Homework for Lecture 19}{section.19}% 37
\BOOKMARK [1][-]{section.20}{Lecture 20: Proof of APS theorem}{}% 38
\BOOKMARK [2][-]{subsection.20.1}{Eta invariant}{section.20}% 39
\BOOKMARK [1][-]{section.21}{Lecture 21: In-depth study of the eta-invariant}{}% 40
\BOOKMARK [1][-]{section.22}{Lecture 22:Semi-classical operators and blow up space}{}% 41
\BOOKMARK [1][-]{section.23}{Lecture 23: Construction of heat kernel in semi-classical operators}{}% 42
\BOOKMARK [1][-]{section.24}{Lecture 24: Symbol spaces of heat kernel in semi-classical operators}{}% 43
